<?xml version="1.0" encoding="UTF-8"?>
<!-- Generated by org.testng.reporters.JUnitReportReporter -->
<testsuite hostname="DESKTOP-OVOT65E" failures="0" tests="1" name="freecharge.Myntra.AutomationSuite.Shopping" time="11.536" errors="0" timestamp="2021-12-27T21:37:31 IST" skipped="0">
  <testcase classname="freecharge.Myntra.AutomationSuite.Shopping" name="verifyShopping" time="11.536"/>
  <system-out/>
</testsuite> <!-- freecharge.Myntra.AutomationSuite.Shopping -->
