<?xml version="1.0" encoding="UTF-8"?>
<!-- Generated by org.testng.reporters.JUnitReportReporter -->
<testsuite hostname="DESKTOP-OVOT65E" failures="0" tests="1" name="freecharge.Myntra.AutomationSuite.ShoppingTest" time="15.336" errors="0" timestamp="2021-12-28T11:03:30 IST" skipped="0">
  <testcase classname="freecharge.Myntra.AutomationSuite.ShoppingTest" name="verifyShopping" time="15.336"/>
  <system-out/>
</testsuite> <!-- freecharge.Myntra.AutomationSuite.ShoppingTest -->
