<?xml version="1.0" encoding="UTF-8"?>
<!-- Generated by org.testng.reporters.JUnitReportReporter -->
<testsuite hostname="DESKTOP-OVOT65E" failures="0" tests="1" name="freecharge.Myntra.AutomationSuite.ShoppingTest" time="18.377" errors="0" timestamp="2021-12-28T12:21:40 IST" skipped="0">
  <testcase classname="freecharge.Myntra.AutomationSuite.ShoppingTest" name="verifyShopping" time="18.377"/>
  <system-out/>
</testsuite> <!-- freecharge.Myntra.AutomationSuite.ShoppingTest -->
