<?xml version="1.0" encoding="UTF-8"?>
<!-- Generated by org.testng.reporters.JUnitReportReporter -->
<testsuite hostname="DESKTOP-OVOT65E" failures="0" tests="1" name="freecharge.Myntra.AutomationSuite.ShoppingTest" time="1.073" errors="0" timestamp="2022-01-09T16:46:57 IST" skipped="0">
  <testcase classname="freecharge.Myntra.AutomationSuite.ShoppingTest" name="verifyShopping" time="1.073"/>
  <system-out/>
</testsuite> <!-- freecharge.Myntra.AutomationSuite.ShoppingTest -->
